====

gabrielj@node-0:/opt/GIT/MIT-65810-CEE-Test-Framework$ strings ./dump_busy_loop/6156/output557030435000 
/lib64/ld-linux-x86-64.so.2
libc.so.6
__printf_chk
time
sched_setaffinity
sleep
__cxa_finalize
__libc_start_main
GLIBC_2.2.5
GLIBC_2.3.4
_ITM_deregisterTMCloneTable
__gmon_start__
_ITM_registerTMCloneTable
gabrielj@node-0:/opt/GIT/MIT-65810-CEE-Test-Framework$ strings ./dump_busy_loop/6156/output557030436000 
u+UH
[]A\A]A^A_
gabrielj@node-0:/opt/GIT/MIT-65810-CEE-Test-Framework$ strings ./dump_busy_loop/6156/output557030437000 
This machine calculated all %d prime numbers under %d in %g seconds
:*3$"
gabrielj@node-0:/opt/GIT/MIT-65810-CEE-Test-Framework$ strings ./dump_busy_loop/6156/output557030438000 
This machine calculated all %d prime numbers under %d in %g seconds
:*3$"
bC0pU
pbC0pU
SC0pU
TC0pU
SC0pU
C0pU
pVC0pU
UC0pU
lUC0pU
gabrielj@node-0:/opt/GIT/MIT-65810-CEE-Test-Framework$ strings ./dump_busy_loop/6156/output557030439000 
C0pU

====
bytes from output557030438000

00 01 00 02 
00 00 00 00 
00 54 68 69 
73 20 6d 61 
63 68 69 6e 
65 20 63 61 
6c 63 75 6c 
61 74 65 64 
20 61 6c 6c 
20 25 64 20 
70 72 69 6d 
65 20 6e 75 
6d 62 65 72 
73 20 75 6e 
64 65 72 20 
25 64 20 69 
6e 20 25 67 
20 73 65 63 
6f 6e 64 73 
0a 00 00 00 
00 01 1b 03 
3b 44 00 00 
00 07 00 00 
00 d0 ef 00 
c0 e4 79 13 
fe 7f 00 00 
bb bc 15 fc 
b2 7f 00 00 
39 87 17 fc 
b2 7f 00 00 
cc db 15 fc 
b2 7f 00 00 
42 87 17 fc 
b2 7f 00 00 
b0 bf 14 fc 
b2 7f 00 00 
20 e5 79 13 
fe 7f 00 00 
07 00 00 00 
00 00 00 00 
07 00 00 00 
08 00 00 00 
80 b5 14 fc 
b2 7f 00 00 
e8 99 17 fc 
b2 7f 00 00 
14 8f 15 fc 
b2 7f 00 00 
09 00 00 00 
00 00 00 00 
99 97 15 fc 
b2 7f 00 00 
70 e4 79 13 
fe 7f 00 00 
58 76 f6 fb 
b2 7f 00 00 
00 00 00 00 
00 00 00 00 
00 00 00 00 
00 00 00 00 
f0 e4 79 13 
fe 7f 00 00 
00 00 00 00 
00 00 00 00 
00 00 00 00 
00 00 00 00 
00 00 00 00 
00 00 00 00 
f0 b7 14 fc 
b2 7f 00 00 
f8 a4 17 fc 
b2 7f 00 00 
f0 e4 79 13 
fe 7f 00 00 
00 b0 14 fc 
b2 7f 00 00 
14 ba 14 fc 
b2 7f 00 00 
c0 b4 14 fc 
b2 7f 00 00 
48 90 17 fc 
b2 7f 00 00 
00 00 00 00 
00 00 00 00 
01 00 00 00 
00 00 00 00 
d0 32 f5 fb 
b2 7f 00 00 
00 bb 14 fc 
b2 7f 00 00 
c8 04 00 00 
00 00 00 00 
2a 00 00 00 
00 00 00 00 
00 00 00 00 
00 00 00 00 
00 00 00 00 
00 00 00 00 
00 00 00 00 
00 00 00 00 
00 00 00 00 
00 00 00 00 
00 00 00 00 
00 00 00 00 
00 0e 14 fc 
b2 7f 00 00 
28 83 02 7c 
1e 49 05 00 
00 00 00 00 
00 00 00 00 
90 a1 17 fc 
b2 7f 00 00 
f8 ff ff ff 
ff ff ff ff 
70 4f 16 fc 
b2 7f 00 00 
20 e7 79 13 
fe 7f 00 00 
ab f7 14 fc 
b2 7f 00 00 
00 00 00 00 
00 00 00 00 
00 00 00 00 
00 00 00 00 
d4 4c a2 d9 
37 aa ff ff 
00 00 00 00 
00 00 00 00 
04 00 00 00 
00 00 00 00 
01 00 00 00 
00 00 00 00 
00 a7 17 fc 
b2 7f 00 00 
40 15 14 fc 
b2 7f 00 00 
60 a1 17 fc 
b2 7f 00 00 
01 e5 79 13 
fe 7f 00 00 
e8 99 17 fc 
b2 7f 00 00 
00 00 00 00 
00 00 00 00 
00 00 00 00 
00 00 00 00 
00 00 00 00 
00 00 00 00 
00 00 00 00 
00 00 00 00 
00 00 00 00 
00 00 00 00 
18 72 7f 13 
fe 7f 00 00 
00 00 00 00 
00 00 00 00 
00 00 00 00 
20 00 00 00 
00 00 00 00 
00 00 00 00 
00 00 00 00 
00 00 00 00 
00 00 00 00 
00 00 00 00 
01 00 00 00 
00 00 00 00 
f6 75 ae 03 
01 00 00 00 
00 00 00 00 
00 00 00 00 
00 00 00 00 
00 00 00 00 
00 00 00 00 
00 00 00 00 
00 00 00 00 
00 00 00 00 
00 00 00 00 
00 00 00 00 
00 00 00 00 
00 00 00 00 
00 00 00 00 
00 00 00 00 
40 02 00 00 
40 03 00 00 
80 03 00 00 
80 03 00 00 
c0 03 00 00 
c0 05 00 00 
c0 09 00 00 
c0 09 00 00 
c0 09 00 00 
c0 09 00 00 
c0 09 00 00 
c0 09 00 00 
c0 09 00 00 
c0 09 00 00 
c0 09 00 00 
c0 09 00 00 
c0 09 00 00 
c0 09 00 00 
c0 09 00 00 
c0 09 00 00 
c0 09 00 00 
c0 09 00 00 
c0 09 00 00 
c0 09 00 00 
c0 09 00 00 
c0 09 00 00 
c0 09 00 00 
c0 09 00 00 
c0 09 00 00 
c0 09 00 00 
00 00 00 00 
00 00 00 00 
00 01 00 00 
40 00 00 00 
00 00 00 00 
40 00 00 00 
00 02 00 00 
00 04 00 00 
00 00 00 00 
00 00 00 00 
00 00 00 00 
00 00 00 00 
00 00 00 00 
00 00 00 00 
00 00 00 00 
00 00 00 00 
00 00 00 00 
00 00 00 00 
00 00 00 00 
00 00 00 00 
00 00 00 00 
00 00 00 00 
00 00 00 00 
00 00 00 00 
40 b0 5d 26 
c8 55 00 00 
ff b5 f0 00 
00 00 00 00 
c2 00 00 00 
00 00 00 00 
47 e7 79 13 
fe 7f 00 00 
46 e7 79 13 
fe 7f 00 00 
3d c3 5d 26 
c8 55 00 00 
e8 f2 13 fc 
b2 7f 00 00
